2025-07-03 19:44:26,329 - STARTUP - INFO - Starting LYRA 3.0 system...
2025-07-03 19:44:26,330 - STARTUP - INFO - Running pre-flight checks...
2025-07-03 19:44:26,816 - STARTUP - ERROR - Missing dependencies: SpeechRecognition, python-socketio
2025-07-03 19:44:26,816 - STARTUP - INFO - Installing missing dependencies...
2025-07-03 19:44:28,318 - STARTUP - INFO - Dependencies installed successfully
2025-07-03 19:44:28,479 - STARTUP - INFO - Audio devices found: 13 input, 23 output
2025-07-03 19:44:30,293 - STARTUP - INFO - Speech recognition initialized successfully
2025-07-03 19:44:30,343 - STARTUP - INFO - Imported existing <module 'comtypes.gen' from 'C:\\Users\\adpla\\AppData\\Local\\Programs\\Python\\Python312\\Lib\\site-packages\\comtypes\\gen\\__init__.py'>
2025-07-03 19:44:30,345 - STARTUP - INFO - Using writeable comtypes cache directory: 'C:\Users\adpla\AppData\Local\Programs\Python\Python312\Lib\site-packages\comtypes\gen'
2025-07-03 19:44:30,438 - STARTUP - INFO - TTS engine initialized successfully
2025-07-03 19:44:30,472 - STARTUP - INFO - Starting Electron GUI...
2025-07-03 19:44:30,473 - STARTUP - WARNING - Could not start Electron GUI: [WinError 2] The system cannot find the file specified
2025-07-03 19:44:30,510 - STARTUP - INFO - Initializing LYRA 3.0 components...
2025-07-03 19:44:32,259 - STARTUP - INFO - Speech recognition initialized successfully
2025-07-03 19:44:32,289 - STARTUP - INFO - TTS engine initialized successfully
2025-07-03 19:44:32,290 - STARTUP - INFO - LYRA 3.0 initialization complete
2025-07-03 19:44:32,290 - STARTUP - INFO - Speaking: Welcome Commander. LYRA 3.0 system is now online.
2025-07-03 19:44:32,291 - STARTUP - INFO - Starting WebSocket server on port 5000...
2025-07-03 19:44:32,301 - STARTUP - INFO - [31m[1mWARNING: This is a development server. Do not use it in a production deployment. Use a production WSGI server instead.[0m
 * Running on http://127.0.0.1:5000
2025-07-03 19:44:32,301 - STARTUP - INFO - [33mPress CTRL+C to quit[0m
2025-07-03 19:46:07,726 - STARTUP - INFO - 127.0.0.1 - - [03/Jul/2025 19:46:07] "GET / HTTP/1.1" 200 -
2025-07-03 22:38:39,502 - STARTUP - INFO - Starting LYRA 3.0 system...
2025-07-03 22:38:39,505 - STARTUP - INFO - Running pre-flight checks...
2025-07-03 22:38:40,239 - STARTUP - ERROR - Missing dependencies: SpeechRecognition, python-socketio
2025-07-03 22:38:40,239 - STARTUP - INFO - Installing missing dependencies...
2025-07-03 22:38:42,064 - STARTUP - INFO - Dependencies installed successfully
2025-07-03 22:38:42,252 - STARTUP - INFO - Audio devices found: 10 input, 16 output
2025-07-03 22:38:43,959 - STARTUP - INFO - Speech recognition initialized successfully
2025-07-03 22:38:44,027 - STARTUP - INFO - Imported existing <module 'comtypes.gen' from 'C:\\Users\\adpla\\AppData\\Local\\Programs\\Python\\Python312\\Lib\\site-packages\\comtypes\\gen\\__init__.py'>
2025-07-03 22:38:44,028 - STARTUP - INFO - Using writeable comtypes cache directory: 'C:\Users\adpla\AppData\Local\Programs\Python\Python312\Lib\site-packages\comtypes\gen'
2025-07-03 22:38:44,177 - STARTUP - INFO - TTS engine initialized successfully
2025-07-03 22:38:44,185 - STARTUP - INFO - Starting Electron GUI...
2025-07-03 22:38:44,186 - STARTUP - WARNING - Could not start Electron GUI: [WinError 2] The system cannot find the file specified
2025-07-03 22:38:44,235 - STARTUP - INFO - Initializing LYRA 3.0 components...
2025-07-03 22:38:45,802 - STARTUP - INFO - Speech recognition initialized successfully
2025-07-03 22:38:45,830 - STARTUP - INFO - TTS engine initialized successfully
2025-07-03 22:38:45,831 - STARTUP - INFO - LYRA 3.0 initialization complete
2025-07-03 22:38:45,831 - STARTUP - INFO - Speaking: Welcome Commander. LYRA 3.0 system is now online.
2025-07-03 22:38:45,831 - STARTUP - INFO - Starting WebSocket server on port 5000...
2025-07-03 22:38:45,848 - STARTUP - INFO - [31m[1mWARNING: This is a development server. Do not use it in a production deployment. Use a production WSGI server instead.[0m
 * Running on http://127.0.0.1:5000
2025-07-03 22:38:45,848 - STARTUP - INFO - [33mPress CTRL+C to quit[0m
2025-07-03 22:39:10,024 - STARTUP - INFO - 127.0.0.1 - - [03/Jul/2025 22:39:10] "GET / HTTP/1.1" 200 -
2025-07-03 22:39:11,195 - STARTUP - INFO - 127.0.0.1 - - [03/Jul/2025 22:39:11] "[33mGET /favicon.ico HTTP/1.1[0m" 404 -
2025-07-03 22:39:17,166 - STARTUP - INFO - 127.0.0.1 - - [03/Jul/2025 22:39:17] "GET / HTTP/1.1" 200 -
2025-07-03 22:43:27,323 - STARTUP - INFO - Starting LYRA 3.0 system...
2025-07-03 22:43:27,323 - STARTUP - INFO - Running pre-flight checks...
2025-07-03 22:43:27,867 - STARTUP - ERROR - Missing dependencies: SpeechRecognition, python-socketio
2025-07-03 22:43:27,867 - STARTUP - INFO - Installing missing dependencies...
2025-07-03 22:43:29,619 - STARTUP - INFO - Dependencies installed successfully
2025-07-03 22:43:29,804 - STARTUP - INFO - Audio devices found: 10 input, 16 output
2025-07-03 22:43:31,499 - STARTUP - INFO - Speech recognition initialized successfully
2025-07-03 22:43:31,593 - STARTUP - INFO - Imported existing <module 'comtypes.gen' from 'C:\\Users\\adpla\\AppData\\Local\\Programs\\Python\\Python312\\Lib\\site-packages\\comtypes\\gen\\__init__.py'>
2025-07-03 22:43:31,594 - STARTUP - INFO - Using writeable comtypes cache directory: 'C:\Users\adpla\AppData\Local\Programs\Python\Python312\Lib\site-packages\comtypes\gen'
2025-07-03 22:43:31,717 - STARTUP - INFO - TTS engine initialized successfully
2025-07-03 22:43:31,726 - STARTUP - INFO - Starting Electron GUI...
2025-07-03 22:43:31,727 - STARTUP - WARNING - Could not start Electron GUI: [WinError 2] The system cannot find the file specified
2025-07-03 22:43:31,770 - STARTUP - INFO - Initializing LYRA 3.0 components...
2025-07-03 22:43:33,369 - STARTUP - INFO - Speech recognition initialized successfully
2025-07-03 22:43:33,400 - STARTUP - INFO - TTS engine initialized successfully
2025-07-03 22:43:33,400 - STARTUP - INFO - LYRA 3.0 initialization complete
2025-07-03 22:43:33,400 - STARTUP - INFO - Speaking: Welcome Commander. LYRA 3.0 system is now online.
2025-07-03 22:43:33,401 - STARTUP - INFO - Starting WebSocket server on port 5000...
2025-07-03 22:43:33,413 - STARTUP - INFO - [31m[1mWARNING: This is a development server. Do not use it in a production deployment. Use a production WSGI server instead.[0m
 * Running on http://127.0.0.1:5000
2025-07-03 22:43:33,413 - STARTUP - INFO - [33mPress CTRL+C to quit[0m
